ACTION: SAMLTokenSigned

java.lang.NullPointerException
	at org.apache.ws.security.saml.WSSecSignatureSAML.prepare(WSSecSignatureSAML.java:262)[159:org.apache.ws.security.wss4j:1.6.12]
	at org.apache.ws.security.saml.WSSecSignatureSAML.build(WSSecSignatureSAML.java:117)[159:org.apache.ws.security.wss4j:1.6.12]
	at org.apache.ws.security.action.SAMLTokenSignedAction.execute(SAMLTokenSignedAction.java:99)[159:org.apache.ws.security.wss4j:1.6.12]
	at org.apache.ws.security.handler.WSHandler.doSenderAction(WSHandler.java:232)[159:org.apache.ws.security.wss4j:1.6.12]
	at org.apache.cxf.ws.security.wss4j.WSS4JOutInterceptor.access$200(WSS4JOutInterceptor.java:52)[162:org.apache.cxf.cxf-rt-ws-security:2.7.7]
	at org.apache.cxf.ws.security.wss4j.WSS4JOutInterceptor$WSS4JOutInterceptorInternal.handleMessage(WSS4JOutInterceptor.java:260)[162:org.apache.cxf.cxf-rt-ws-security:2.7.7]
	at org.apache.cxf.ws.security.wss4j.WSS4JOutInterceptor$WSS4JOutInterceptorInternal.handleMessage(WSS4JOutInterceptor.java:136)[162:org.apache.cxf.cxf-rt-ws-security:2.7.7]
	at org.apache.cxf.phase.PhaseInterceptorChain.doIntercept(PhaseInterceptorChain.java:272)[122:org.apache.cxf.cxf-api:2.7.7]
	at org.apache.cxf.endpoint.ClientImpl.doInvoke(ClientImpl.java:565)[122:org.apache.cxf.cxf-api:2.7.7]
	at org.apache.cxf.endpoint.ClientImpl.invoke(ClientImpl.java:467)[122:org.apache.cxf.cxf-api:2.7.7]
	at org.apache.camel.component.cxf.CxfProducer.process(CxfProducer.java:112)[175:org.apache.camel.camel-cxf:2.12.1]
	at org.apache.camel.processor.SendProcessor.process(SendProcessor.java:110)[170:org.apache.camel.camel-core:2.12.1]
	at org.apache.camel.management.InstrumentationProcessor.process(InstrumentationProcessor.java:72)[170:org.apache.camel.camel-core:2.12.1]
	at org.apache.camel.processor.interceptor.TraceInterceptor.process(TraceInterceptor.java:163)[170:org.apache.camel.camel-core:2.12.1]
	at org.apache.camel.processor.RedeliveryErrorHandler.process(RedeliveryErrorHandler.java:398)[170:org.apache.camel.camel-core:2.12.1]
	at org.apache.camel.processor.CamelInternalProcessor.process(CamelInternalProcessor.java:191)[170:org.apache.camel.camel-core:2.12.1]
	at org.apache.camel.processor.CamelInternalProcessor.process(CamelInternalProcessor.java:191)[170:org.apache.camel.camel-core:2.12.1]
	at org.apache.camel.component.cxf.CxfConsumer$1.asyncInvoke(CxfConsumer.java:92)[175:org.apache.camel.camel-cxf:2.12.1]
	at org.apache.camel.component.cxf.CxfConsumer$1.invoke(CxfConsumer.java:72)[175:org.apache.camel.camel-cxf:2.12.1]
	at org.apache.cxf.interceptor.ServiceInvokerInterceptor$1.run(ServiceInvokerInterceptor.java:57)[122:org.apache.cxf.cxf-api:2.7.7]
	at java.util.concurrent.Executors$RunnableAdapter.call(Executors.java:441)[:1.6.0_29]
	at java.util.concurrent.FutureTask$Sync.innerRun(FutureTask.java:303)[:1.6.0_29]
	at java.util.concurrent.FutureTask.run(FutureTask.java:138)[:1.6.0_29]
	at org.apache.cxf.workqueue.SynchronousExecutor.execute(SynchronousExecutor.java:37)[122:org.apache.cxf.cxf-api:2.7.7]
	at org.apache.cxf.interceptor.ServiceInvokerInterceptor.handleMessage(ServiceInvokerInterceptor.java:106)[122:org.apache.cxf.cxf-api:2.7.7]
	at org.apache.cxf.phase.PhaseInterceptorChain.doIntercept(PhaseInterceptorChain.java:272)[122:org.apache.cxf.cxf-api:2.7.7]
	at org.apache.cxf.transport.ChainInitiationObserver.onMessage(ChainInitiationObserver.java:121)[122:org.apache.cxf.cxf-api:2.7.7]
	at org.apache.cxf.transport.http_jetty.JettyHTTPDestination.serviceRequest(JettyHTTPDestination.java:355)[144:org.apache.cxf.cxf-rt-transports-http-jetty:2.7.7]
	at org.apache.cxf.transport.http_jetty.JettyHTTPDestination.doService(JettyHTTPDestination.java:319)[144:org.apache.cxf.cxf-rt-transports-http-jetty:2.7.7]
	at org.apache.cxf.transport.http_jetty.JettyHTTPHandler.handle(JettyHTTPHandler.java:72)[144:org.apache.cxf.cxf-rt-transports-http-jetty:2.7.7]
	at org.eclipse.jetty.server.handler.ContextHandler.doHandle(ContextHandler.java:1040)[64:org.eclipse.jetty.server:7.6.8.v20121106]
	at org.eclipse.jetty.server.handler.ContextHandler.doScope(ContextHandler.java:976)[64:org.eclipse.jetty.server:7.6.8.v20121106]
	at org.eclipse.jetty.server.handler.ScopedHandler.handle(ScopedHandler.java:135)[64:org.eclipse.jetty.server:7.6.8.v20121106]
	at org.eclipse.jetty.server.handler.ContextHandlerCollection.handle(ContextHandlerCollection.java:255)[64:org.eclipse.jetty.server:7.6.8.v20121106]
	at org.eclipse.jetty.server.handler.HandlerWrapper.handle(HandlerWrapper.java:116)[64:org.eclipse.jetty.server:7.6.8.v20121106]
	at org.eclipse.jetty.server.Server.handle(Server.java:363)[64:org.eclipse.jetty.server:7.6.8.v20121106]
	at org.eclipse.jetty.server.AbstractHttpConnection.handleRequest(AbstractHttpConnection.java:483)[64:org.eclipse.jetty.server:7.6.8.v20121106]
	at org.eclipse.jetty.server.AbstractHttpConnection.content(AbstractHttpConnection.java:931)[64:org.eclipse.jetty.server:7.6.8.v20121106]
	at org.eclipse.jetty.server.AbstractHttpConnection$RequestHandler.content(AbstractHttpConnection.java:992)[64:org.eclipse.jetty.server:7.6.8.v20121106]
	at org.eclipse.jetty.http.HttpParser.parseNext(HttpParser.java:856)[60:org.eclipse.jetty.http:7.6.8.v20121106]
	at org.eclipse.jetty.http.HttpParser.parseAvailable(HttpParser.java:240)[60:org.eclipse.jetty.http:7.6.8.v20121106]
	at org.eclipse.jetty.server.AsyncHttpConnection.handle(AsyncHttpConnection.java:82)[64:org.eclipse.jetty.server:7.6.8.v20121106]
	at org.eclipse.jetty.io.nio.SelectChannelEndPoint.handle(SelectChannelEndPoint.java:628)[59:org.eclipse.jetty.io:7.6.8.v20121106]
	at org.eclipse.jetty.io.nio.SelectChannelEndPoint$1.run(SelectChannelEndPoint.java:52)[59:org.eclipse.jetty.io:7.6.8.v20121106]
	at org.eclipse.jetty.util.thread.QueuedThreadPool.runJob(QueuedThreadPool.java:608)[58:org.eclipse.jetty.util:7.6.8.v20121106]
	at org.eclipse.jetty.util.thread.QueuedThreadPool$3.run(QueuedThreadPool.java:543)[58:org.eclipse.jetty.util:7.6.8.v20121106]
	at java.lang.Thread.run(Thread.java:662)[:1.6.0_29]
21:41:03,024 | ERROR | tp503660587-1725 | rg.apache.camel.util.CamelLogger  215 | 170 - org.apache.camel.camel-core - 2.12.1 | Failed delivery for (MessageId: ID-chai-PC-49330-1396905364371-12-5 on ExchangeId: ID-chai-PC-49330-1396905364371-12-4). Exhausted after delivery attempt: 1 caught: java.lang.NullPointerException

================================================
ACTION: SAMLTokenUnsigned
21:16:16,588 | INFO  | p1389339194-1480 | com.sms.dcp.SAMLValidator          15 | 322 - com.sms.dcp.esb - 1.0.0 | SAMLVadlidator called to NOT validate against SAML2 schema
21:16:16,589 | WARN  | p1389339194-1480 | validate.SignatureTrustValidator  303 | 159 - org.apache.ws.security.wss4j - 1.6.12 | No Subject DN Certificate Constraints were defined. This could be a security issue
21:16:16,780 | WARN  | p1389339194-1480 | validate.SignatureTrustValidator  303 | 159 - org.apache.ws.security.wss4j - 1.6.12 | No Subject DN Certificate Constraints were defined. This could be a security issue
21:16:16,817 | WARN  | p1389339194-1480 | ecurity.wss4j.WSS4JInInterceptor  362 | 162 - org.apache.cxf.cxf-rt-ws-security - 2.7.7 | Security processing failed (actions mismatch)
21:16:16,818 | WARN  | p1389339194-1480 | ecurity.wss4j.WSS4JInInterceptor  335 | 162 - org.apache.cxf.cxf-rt-ws-security - 2.7.7 | 
org.apache.ws.security.WSSecurityException: An error was discovered processing the <wsse:Security> header
	at org.apache.cxf.ws.security.wss4j.WSS4JInInterceptor.checkActions(WSS4JInInterceptor.java:363)[162:org.apache.cxf.cxf-rt-ws-security:2.7.7]
	at org.apache.cxf.ws.security.wss4j.WSS4JInInterceptor.handleMessage(WSS4JInInterceptor.java:290)[162:org.apache.cxf.cxf-rt-ws-security:2.7.7]
	at org.apache.cxf.ws.security.wss4j.WSS4JInInterceptor.handleMessage(WSS4JInInterceptor.java:95)[162:org.apache.cxf.cxf-rt-ws-security:2.7.7]
	at org.apache.cxf.phase.PhaseInterceptorChain.doIntercept(PhaseInterceptorChain.java:272)[122:org.apache.cxf.cxf-api:2.7.7]
	at org.apache.cxf.transport.ChainInitiationObserver.onMessage(ChainInitiationObserver.java:121)[122:org.apache.cxf.cxf-api:2.7.7]
	at org.apache.cxf.transport.http_jetty.JettyHTTPDestination.serviceRequest(JettyHTTPDestination.java:355)[144:org.apache.cxf.cxf-rt-transports-http-jetty:2.7.7]
	at org.apache.cxf.transport.http_jetty.JettyHTTPDestination.doService(JettyHTTPDestination.java:319)[144:org.apache.cxf.cxf-rt-transports-http-jetty:2.7.7]
	at org.apache.cxf.transport.http_jetty.JettyHTTPHandler.handle(JettyHTTPHandler.java:72)[144:org.apache.cxf.cxf-rt-transports-http-jetty:2.7.7]
	at org.eclipse.jetty.server.handler.ContextHandler.doHandle(ContextHandler.java:1040)[64:org.eclipse.jetty.server:7.6.8.v20121106]
	at org.eclipse.jetty.server.handler.ContextHandler.doScope(ContextHandler.java:976)[64:org.eclipse.jetty.server:7.6.8.v20121106]
	at org.eclipse.jetty.server.handler.ScopedHandler.handle(ScopedHandler.java:135)[64:org.eclipse.jetty.server:7.6.8.v20121106]
	at org.eclipse.jetty.server.handler.ContextHandlerCollection.handle(ContextHandlerCollection.java:255)[64:org.eclipse.jetty.server:7.6.8.v20121106]
	at org.eclipse.jetty.server.handler.HandlerWrapper.handle(HandlerWrapper.java:116)[64:org.eclipse.jetty.server:7.6.8.v20121106]
	at org.eclipse.jetty.server.Server.handle(Server.java:363)[64:org.eclipse.jetty.server:7.6.8.v20121106]
	at org.eclipse.jetty.server.AbstractHttpConnection.handleRequest(AbstractHttpConnection.java:483)[64:org.eclipse.jetty.server:7.6.8.v20121106]
	at org.eclipse.jetty.server.AbstractHttpConnection.content(AbstractHttpConnection.java:931)[64:org.eclipse.jetty.server:7.6.8.v20121106]
	at org.eclipse.jetty.server.AbstractHttpConnection$RequestHandler.content(AbstractHttpConnection.java:992)[64:org.eclipse.jetty.server:7.6.8.v20121106]
	at org.eclipse.jetty.http.HttpParser.parseNext(HttpParser.java:948)[60:org.eclipse.jetty.http:7.6.8.v20121106]
	at org.eclipse.jetty.http.HttpParser.parseAvailable(HttpParser.java:235)[60:org.eclipse.jetty.http:7.6.8.v20121106]
	at org.eclipse.jetty.server.AsyncHttpConnection.handle(AsyncHttpConnection.java:82)[64:org.eclipse.jetty.server:7.6.8.v20121106]
	at org.eclipse.jetty.io.nio.SelectChannelEndPoint.handle(SelectChannelEndPoint.java:628)[59:org.eclipse.jetty.io:7.6.8.v20121106]
	at org.eclipse.jetty.io.nio.SelectChannelEndPoint$1.run(SelectChannelEndPoint.java:52)[59:org.eclipse.jetty.io:7.6.8.v20121106]
	at org.eclipse.jetty.util.thread.QueuedThreadPool.runJob(QueuedThreadPool.java:608)[58:org.eclipse.jetty.util:7.6.8.v20121106]
	at org.eclipse.jetty.util.thread.QueuedThreadPool$3.run(QueuedThreadPool.java:543)[58:org.eclipse.jetty.util:7.6.8.v20121106]
	at java.lang.Thread.run(Thread.java:662)[:1.6.0_29]
21:16:16,819 | WARN  | p1389339194-1480 | ache.cxf.common.logging.LogUtils  452 | 122 - org.apache.cxf.cxf-api - 2.7.7 | Interceptor for {http://cmp.vba.va.gov/external/eDocumentService/}eDocumentService#{http://cmp.vba.va.gov/external/eDocumentService/}uploadFormDocument has thrown exception, unwinding now
org.apache.cxf.binding.soap.SoapFault: An error was discovered processing the <wsse:Security> header
	at org.apache.cxf.ws.security.wss4j.WSS4JInInterceptor.createSoapFault(WSS4JInInterceptor.java:788)[162:org.apache.cxf.cxf-rt-ws-security:2.7.7]
	at org.apache.cxf.ws.security.wss4j.WSS4JInInterceptor.handleMessage(WSS4JInInterceptor.java:336)[162:org.apache.cxf.cxf-rt-ws-security:2.7.7]
	at org.apache.cxf.ws.security.wss4j.WSS4JInInterceptor.handleMessage(WSS4JInInterceptor.java:95)[162:org.apache.cxf.cxf-rt-ws-security:2.7.7]
	at org.apache.cxf.phase.PhaseInterceptorChain.doIntercept(PhaseInterceptorChain.java:272)[122:org.apache.cxf.cxf-api:2.7.7]
	at org.apache.cxf.transport.ChainInitiationObserver.onMessage(ChainInitiationObserver.java:121)[122:org.apache.cxf.cxf-api:2.7.7]
	at org.apache.cxf.transport.http_jetty.JettyHTTPDestination.serviceRequest(JettyHTTPDestination.java:355)[144:org.apache.cxf.cxf-rt-transports-http-jetty:2.7.7]
	at org.apache.cxf.transport.http_jetty.JettyHTTPDestination.doService(JettyHTTPDestination.java:319)[144:org.apache.cxf.cxf-rt-transports-http-jetty:2.7.7]
	at org.apache.cxf.transport.http_jetty.JettyHTTPHandler.handle(JettyHTTPHandler.java:72)[144:org.apache.cxf.cxf-rt-transports-http-jetty:2.7.7]
	at org.eclipse.jetty.server.handler.ContextHandler.doHandle(ContextHandler.java:1040)[64:org.eclipse.jetty.server:7.6.8.v20121106]
	at org.eclipse.jetty.server.handler.ContextHandler.doScope(ContextHandler.java:976)[64:org.eclipse.jetty.server:7.6.8.v20121106]
	at org.eclipse.jetty.server.handler.ScopedHandler.handle(ScopedHandler.java:135)[64:org.eclipse.jetty.server:7.6.8.v20121106]
	at org.eclipse.jetty.server.handler.ContextHandlerCollection.handle(ContextHandlerCollection.java:255)[64:org.eclipse.jetty.server:7.6.8.v20121106]
	at org.eclipse.jetty.server.handler.HandlerWrapper.handle(HandlerWrapper.java:116)[64:org.eclipse.jetty.server:7.6.8.v20121106]
	at org.eclipse.jetty.server.Server.handle(Server.java:363)[64:org.eclipse.jetty.server:7.6.8.v20121106]
	at org.eclipse.jetty.server.AbstractHttpConnection.handleRequest(AbstractHttpConnection.java:483)[64:org.eclipse.jetty.server:7.6.8.v20121106]
	at org.eclipse.jetty.server.AbstractHttpConnection.content(AbstractHttpConnection.java:931)[64:org.eclipse.jetty.server:7.6.8.v20121106]
	at org.eclipse.jetty.server.AbstractHttpConnection$RequestHandler.content(AbstractHttpConnection.java:992)[64:org.eclipse.jetty.server:7.6.8.v20121106]
	at org.eclipse.jetty.http.HttpParser.parseNext(HttpParser.java:948)[60:org.eclipse.jetty.http:7.6.8.v20121106]
	at org.eclipse.jetty.http.HttpParser.parseAvailable(HttpParser.java:235)[60:org.eclipse.jetty.http:7.6.8.v20121106]
	at org.eclipse.jetty.server.AsyncHttpConnection.handle(AsyncHttpConnection.java:82)[64:org.eclipse.jetty.server:7.6.8.v20121106]
	at org.eclipse.jetty.io.nio.SelectChannelEndPoint.handle(SelectChannelEndPoint.java:628)[59:org.eclipse.jetty.io:7.6.8.v20121106]
	at org.eclipse.jetty.io.nio.SelectChannelEndPoint$1.run(SelectChannelEndPoint.java:52)[59:org.eclipse.jetty.io:7.6.8.v20121106]
	at org.eclipse.jetty.util.thread.QueuedThreadPool.runJob(QueuedThreadPool.java:608)[58:org.eclipse.jetty.util:7.6.8.v20121106]
	at org.eclipse.jetty.util.thread.QueuedThreadPool$3.run(QueuedThreadPool.java:543)[58:org.eclipse.jetty.util:7.6.8.v20121106]
	at java.lang.Thread.run(Thread.java:662)[:1.6.0_29]
Caused by: org.apache.ws.security.WSSecurityException: An error was discovered processing the <wsse:Security> header
	at org.apache.cxf.ws.security.wss4j.WSS4JInInterceptor.checkActions(WSS4JInInterceptor.java:363)[162:org.apache.cxf.cxf-rt-ws-security:2.7.7]
	at org.apache.cxf.ws.security.wss4j.WSS4JInInterceptor.handleMessage(WSS4JInInterceptor.java:290)[162:org.apache.cxf.cxf-rt-ws-security:2.7.7]
	... 23 more
21:16:16,824 | INFO  | ault-workqueue-1 | eptor.AbstractLoggingInterceptor  234 | 122 - org.apache.cxf.cxf-api - 2.7.7 | Inbound Message
